String found in comment g1hxv3h
replied to comment g1hxv3h
String found in commentg1hxfhx
replied to comment g1hxfhx
String found in comment g1hx8a1
replied to comment g1hx8a1
String found in commentg1hwov9
replied to comment g1hwov9
String found in comment g1hw4vs
replied to comment g1hw4vs
String found in comment g1hyv3h
replied to comment g1hyv3h
String found in comment g1hyvc9
replied to comment g1hyvc9
String found in comment g1i0j1b
replied to comment g1i0j1b
String found in comment g1i20cm
replied to comment g1i20cm
String found in comment g1i2f5r
replied to comment g1i2f5r
